# JRE version: OpenJDK Runtime Environment (8.0_152-b01) (build 1.8.0_152-release-1343-b01)
# Java VM: OpenJDK 64-Bit Server VM (25.152-b01 mixed mode windows-amd64 compressed oops)
Heap:
 PSYoungGen      total 379904K, used 288268K [0x00000000e0000000, 0x00000000f9a80000, 0x0000000100000000)
  eden space 344576K, 80% used [0x00000000e0000000,0x00000000f0f25f18,0x00000000f5080000)
  from space 35328K, 30% used [0x00000000f7800000,0x00000000f825d2a0,0x00000000f9a80000)
  to   space 37888K, 0% used [0x00000000f5080000,0x00000000f5080000,0x00000000f7580000)
 ParOldGen       total 352768K, used 43064K [0x00000000a0000000, 0x00000000b5880000, 0x00000000e0000000)
  object space 352768K, 12% used [0x00000000a0000000,0x00000000a2a0e240,0x00000000b5880000)
 Metaspace       used 89450K, capacity 92946K, committed 93184K, reserved 1130496K
  class space    used 11105K, capacity 11731K, committed 11776K, reserved 1048576K
GC Heap History (10 events):
Event: 341.693 GC heap before
{Heap before GC invocations=32 (full 5):
 PSYoungGen      total 322560K, used 224K [0x00000000e0000000, 0x00000000fb100000, 0x0000000100000000)
  eden space 280576K, 0% used [0x00000000e0000000,0x00000000e0000000,0x00000000f1200000)
  from space 41984K, 0% used [0x00000000f1200000,0x00000000f1238000,0x00000000f3b00000)
  to   space 42496K, 0% used [0x00000000f8780000,0x00000000f8780000,0x00000000fb100000)
 ParOldGen       total 314880K, used 308889K [0x00000000a0000000, 0x00000000b3380000, 0x00000000e0000000)
  object space 314880K, 98% used [0x00000000a0000000,0x00000000b2da6698,0x00000000b3380000)
 Metaspace       used 78773K, capacity 81430K, committed 82176K, reserved 1120256K
  class space    used 9981K, capacity 10544K, committed 10752K, reserved 1048576K
Event: 343.614 GC heap after
Heap after GC invocations=32 (full 5):
 PSYoungGen      total 322560K, used 0K [0x00000000e0000000, 0x00000000fb100000, 0x0000000100000000)
  eden space 280576K, 0% used [0x00000000e0000000,0x00000000e0000000,0x00000000f1200000)
  from space 41984K, 0% used [0x00000000f1200000,0x00000000f1200000,0x00000000f3b00000)
  to   space 42496K, 0% used [0x00000000f8780000,0x00000000f8780000,0x00000000fb100000)
 ParOldGen       total 427520K, used 206446K [0x00000000a0000000, 0x00000000ba180000, 0x00000000e0000000)
  object space 427520K, 48% used [0x00000000a0000000,0x00000000ac99bb58,0x00000000ba180000)
 Metaspace       used 78773K, capacity 81430K, committed 82176K, reserved 1120256K
  class space    used 9981K, capacity 10544K, committed 10752K, reserved 1048576K
}
Event: 351.055 GC heap before
{Heap before GC invocations=33 (full 5):
 PSYoungGen      total 322560K, used 280576K [0x00000000e0000000, 0x00000000fb100000, 0x0000000100000000)
  eden space 280576K, 100% used [0x00000000e0000000,0x00000000f1200000,0x00000000f1200000)
  from space 41984K, 0% used [0x00000000f1200000,0x00000000f1200000,0x00000000f3b00000)
  to   space 42496K, 0% used [0x00000000f8780000,0x00000000f8780000,0x00000000fb100000)
 ParOldGen       total 427520K, used 206446K [0x00000000a0000000, 0x00000000ba180000, 0x00000000e0000000)
  object space 427520K, 48% used [0x00000000a0000000,0x00000000ac99bb58,0x00000000ba180000)
 Metaspace       used 78848K, capacity 81562K, committed 82432K, reserved 1120256K
  class space    used 9981K, capacity 10544K, committed 10752K, reserved 1048576K
Event: 351.756 GC heap after
Heap after GC invocations=33 (full 5):
 PSYoungGen      total 317440K, used 2122K [0x00000000e0000000, 0x00000000f8a00000, 0x0000000100000000)
  eden space 314880K, 0% used [0x00000000e0000000,0x00000000e0000000,0x00000000f3380000)
  from space 2560K, 82% used [0x00000000f8780000,0x00000000f8992930,0x00000000f8a00000)
  to   space 41984K, 0% used [0x00000000f3800000,0x00000000f3800000,0x00000000f6100000)
 ParOldGen       total 427520K, used 415198K [0x00000000a0000000, 0x00000000ba180000, 0x00000000e0000000)
  object space 427520K, 97% used [0x00000000a0000000,0x00000000b9577bd8,0x00000000ba180000)
 Metaspace       used 78848K, capacity 81562K, committed 82432K, reserved 1120256K
  class space    used 9981K, capacity 10544K, committed 10752K, reserved 1048576K
}
Event: 351.756 GC heap before
{Heap before GC invocations=34 (full 6):
 PSYoungGen      total 317440K, used 2122K [0x00000000e0000000, 0x00000000f8a00000, 0x0000000100000000)
  eden space 314880K, 0% used [0x00000000e0000000,0x00000000e0000000,0x00000000f3380000)
  from space 2560K, 82% used [0x00000000f8780000,0x00000000f8992930,0x00000000f8a00000)
  to   space 41984K, 0% used [0x00000000f3800000,0x00000000f3800000,0x00000000f6100000)
 ParOldGen       total 427520K, used 415198K [0x00000000a0000000, 0x00000000ba180000, 0x00000000e0000000)
  object space 427520K, 97% used [0x00000000a0000000,0x00000000b9577bd8,0x00000000ba180000)
 Metaspace       used 78848K, capacity 81562K, committed 82432K, reserved 1120256K
  class space    used 9981K, capacity 10544K, committed 10752K, reserved 1048576K
Event: 353.549 GC heap after
Heap after GC invocations=34 (full 6):
 PSYoungGen      total 317440K, used 0K [0x00000000e0000000, 0x00000000f8a00000, 0x0000000100000000)
  eden space 314880K, 0% used [0x00000000e0000000,0x00000000e0000000,0x00000000f3380000)
  from space 2560K, 0% used [0x00000000f8780000,0x00000000f8780000,0x00000000f8a00000)
  to   space 41984K, 0% used [0x00000000f3800000,0x00000000f3800000,0x00000000f6100000)
 ParOldGen       total 352768K, used 43048K [0x00000000a0000000, 0x00000000b5880000, 0x00000000e0000000)
  object space 352768K, 12% used [0x00000000a0000000,0x00000000a2a0a240,0x00000000b5880000)
 Metaspace       used 78848K, capacity 81562K, committed 82432K, reserved 1120256K
  class space    used 9981K, capacity 10544K, committed 10752K, reserved 1048576K
}
Event: 6599.609 GC heap before
{Heap before GC invocations=35 (full 6):
 PSYoungGen      total 317440K, used 314880K [0x00000000e0000000, 0x00000000f8a00000, 0x0000000100000000)
  eden space 314880K, 100% used [0x00000000e0000000,0x00000000f3380000,0x00000000f3380000)
  from space 2560K, 0% used [0x00000000f8780000,0x00000000f8780000,0x00000000f8a00000)
  to   space 41984K, 0% used [0x00000000f3800000,0x00000000f3800000,0x00000000f6100000)
 ParOldGen       total 352768K, used 43048K [0x00000000a0000000, 0x00000000b5880000, 0x00000000e0000000)
  object space 352768K, 12% used [0x00000000a0000000,0x00000000a2a0a240,0x00000000b5880000)
 Metaspace       used 81262K, capacity 84512K, committed 84736K, reserved 1122304K
  class space    used 10217K, capacity 10890K, committed 11008K, reserved 1048576K
Event: 6599.763 GC heap after
Heap after GC invocations=35 (full 6):
 PSYoungGen      total 361472K, used 9188K [0x00000000e0000000, 0x00000000f9f00000, 0x0000000100000000)
  eden space 319488K, 0% used [0x00000000e0000000,0x00000000e0000000,0x00000000f3800000)
  from space 41984K, 21% used [0x00000000f3800000,0x00000000f40f9080,0x00000000f6100000)
  to   space 39936K, 0% used [0x00000000f7800000,0x00000000f7800000,0x00000000f9f00000)
 ParOldGen       total 352768K, used 43056K [0x00000000a0000000, 0x00000000b5880000, 0x00000000e0000000)
  object space 352768K, 12% used [0x00000000a0000000,0x00000000a2a0c240,0x00000000b5880000)
 Metaspace       used 81262K, capacity 84512K, committed 84736K, reserved 1122304K
  class space    used 10217K, capacity 10890K, committed 11008K, reserved 1048576K
}
Event: 7401.204 GC heap before
{Heap before GC invocations=36 (full 6):
 PSYoungGen      total 361472K, used 328676K [0x00000000e0000000, 0x00000000f9f00000, 0x0000000100000000)
  eden space 319488K, 100% used [0x00000000e0000000,0x00000000f3800000,0x00000000f3800000)
  from space 41984K, 21% used [0x00000000f3800000,0x00000000f40f9080,0x00000000f6100000)
  to   space 39936K, 0% used [0x00000000f7800000,0x00000000f7800000,0x00000000f9f00000)
 ParOldGen       total 352768K, used 43056K [0x00000000a0000000, 0x00000000b5880000, 0x00000000e0000000)
  object space 352768K, 12% used [0x00000000a0000000,0x00000000a2a0c240,0x00000000b5880000)
 Metaspace       used 83703K, capacity 87084K, committed 87168K, reserved 1126400K
  class space    used 10453K, capacity 11122K, committed 11136K, reserved 1048576K
Event: 7401.283 GC heap after
Heap after GC invocations=36 (full 6):
 PSYoungGen      total 379904K, used 10612K [0x00000000e0000000, 0x00000000f9a80000, 0x0000000100000000)
  eden space 344576K, 0% used [0x00000000e0000000,0x00000000e0000000,0x00000000f5080000)
  from space 35328K, 30% used [0x00000000f7800000,0x00000000f825d2a0,0x00000000f9a80000)
  to   space 37888K, 0% used [0x00000000f5080000,0x00000000f5080000,0x00000000f7580000)
 ParOldGen       total 352768K, used 43064K [0x00000000a0000000, 0x00000000b5880000, 0x00000000e0000000)
  object space 352768K, 12% used [0x00000000a0000000,0x00000000a2a0e240,0x00000000b5880000)
 Metaspace       used 83703K, capacity 87084K, committed 87168K, reserved 1126400K
  class space    used 10453K, capacity 11122K, committed 11136K, reserved 1048576K
}

